<?xml version="1.0" encoding="UTF-8"?>
<coverage generated="1789519067309" clover="3.2.0">
  <project timestamp="1789519067309" name="All files">
    <metrics statements="31" coveredstatements="30" conditionals="20" coveredconditionals="19" methods="14" coveredmethods="13" elements="65" coveredelements="62" complexity="0" loc="31" ncloc="31" packages="3" files="6" classes="6"/>
    <package name="src">
      <metrics statements="21" coveredstatements="20" conditionals="11" coveredconditionals="10" methods="11" coveredmethods="10"/>
      <file name="App.jsx" path="C:\Users\Sabeeh\Desktop\Study\accessibility-and-testing\src\App.jsx">
        <metrics statements="1" coveredstatements="0" conditionals="0" coveredconditionals="0" methods="1" coveredmethods="0"/>
        <line num="5" count="0" type="stmt"/>
      </file>
      <file name="QuantityStepper.jsx" path="C:\Users\Sabeeh\Desktop\Study\accessibility-and-testing\src\QuantityStepper.jsx">
        <metrics statements="9" coveredstatements="9" conditionals="7" coveredconditionals="6" methods="6" coveredmethods="6"/>
        <line num="4" count="11" type="stmt"/>
        <line num="6" count="11" type="stmt"/>
        <line num="7" count="11" type="stmt"/>
        <line num="9" count="11" type="stmt"/>
        <line num="16" count="1" type="stmt"/>
        <line num="27" count="3" type="stmt"/>
        <line num="28" count="3" type="cond" truecount="1" falsecount="1"/>
        <line num="29" count="3" type="stmt"/>
        <line num="36" count="1" type="stmt"/>
      </file>
      <file name="UserProfile.jsx" path="C:\Users\Sabeeh\Desktop\Study\accessibility-and-testing\src\UserProfile.jsx">
        <metrics statements="11" coveredstatements="11" conditionals="4" coveredconditionals="4" methods="4" coveredmethods="4"/>
        <line num="5" count="4" type="stmt"/>
        <line num="6" count="4" type="stmt"/>
        <line num="8" count="4" type="stmt"/>
        <line num="9" count="2" type="stmt"/>
        <line num="10" count="2" type="stmt"/>
        <line num="12" count="1" type="stmt"/>
        <line num="13" count="1" type="stmt"/>
        <line num="15" count="1" type="stmt"/>
        <line num="18" count="4" type="cond" truecount="2" falsecount="0"/>
        <line num="19" count="2" type="cond" truecount="2" falsecount="0"/>
        <line num="21" count="1" type="stmt"/>
      </file>
    </package>
    <package name="src.api">
      <metrics statements="4" coveredstatements="4" conditionals="2" coveredconditionals="2" methods="1" coveredmethods="1"/>
      <file name="userApi.js" path="C:\Users\Sabeeh\Desktop\Study\accessibility-and-testing\src\api\userApi.js">
        <metrics statements="4" coveredstatements="4" conditionals="2" coveredconditionals="2" methods="1" coveredmethods="1"/>
        <line num="2" count="2" type="stmt"/>
        <line num="3" count="2" type="cond" truecount="2" falsecount="0"/>
        <line num="4" count="1" type="stmt"/>
        <line num="6" count="1" type="stmt"/>
      </file>
    </package>
    <package name="src.utils">
      <metrics statements="6" coveredstatements="6" conditionals="7" coveredconditionals="7" methods="2" coveredmethods="2"/>
      <file name="discount.js" path="C:\Users\Sabeeh\Desktop\Study\accessibility-and-testing\src\utils\discount.js">
        <metrics statements="3" coveredstatements="3" conditionals="4" coveredconditionals="4" methods="1" coveredmethods="1"/>
        <line num="2" count="3" type="cond" truecount="2" falsecount="0"/>
        <line num="3" count="2" type="cond" truecount="2" falsecount="0"/>
        <line num="4" count="1" type="stmt"/>
      </file>
      <file name="formatCurrency.js" path="C:\Users\Sabeeh\Desktop\Study\accessibility-and-testing\src\utils\formatCurrency.js">
        <metrics statements="3" coveredstatements="3" conditionals="3" coveredconditionals="3" methods="1" coveredmethods="1"/>
        <line num="6" count="6" type="cond" truecount="2" falsecount="0"/>
        <line num="7" count="1" type="stmt"/>
        <line num="10" count="5" type="stmt"/>
      </file>
    </package>
  </project>
</coverage>
