{"C:\\Users\\Sabeeh\\Desktop\\Study\\accessibility-and-testing\\src\\App.jsx": {"path":"C:\\Users\\Sabeeh\\Desktop\\Study\\accessibility-and-testing\\src\\App.jsx","statementMap":{"0":{"start":{"line":5,"column":2},"end":{"line":11,"column":null}}},"fnMap":{"0":{"name":"App","decl":{"start":{"line":4,"column":9},"end":{"line":4,"column":15}},"loc":{"start":{"line":4,"column":15},"end":{"line":13,"column":null}},"line":4}},"branchMap":{},"s":{"0":0},"f":{"0":0},"b":{},"meta":{"lastBranch":0,"lastFunction":1,"lastStatement":1,"seen":{"f:4:9:4:15":0,"s:5:2:11:Infinity":0},"fnNames":{}}}
,"C:\\Users\\Sabeeh\\Desktop\\Study\\accessibility-and-testing\\src\\QuantityStepper.jsx": {"path":"C:\\Users\\Sabeeh\\Desktop\\Study\\accessibility-and-testing\\src\\QuantityStepper.jsx","statementMap":{"0":{"start":{"line":4,"column":28},"end":{"line":4,"column":null}},"1":{"start":{"line":6,"column":16},"end":{"line":6,"column":null}},"2":{"start":{"line":7,"column":16},"end":{"line":7,"column":null}},"3":{"start":{"line":9,"column":2},"end":{"line":41,"column":null}},"4":{"start":{"line":16,"column":23},"end":{"line":16,"column":null}},"5":{"start":{"line":16,"column":39},"end":{"line":16,"column":59}},"6":{"start":{"line":27,"column":23},"end":{"line":27,"column":null}},"7":{"start":{"line":28,"column":10},"end":{"line":28,"column":null}},"8":{"start":{"line":28,"column":34},"end":{"line":28,"column":null}},"9":{"start":{"line":29,"column":10},"end":{"line":29,"column":null}},"10":{"start":{"line":36,"column":23},"end":{"line":36,"column":null}},"11":{"start":{"line":36,"column":39},"end":{"line":36,"column":59}}},"fnMap":{"0":{"name":"QuantityStepper","decl":{"start":{"line":3,"column":9},"end":{"line":3,"column":25}},"loc":{"start":{"line":3,"column":61},"end":{"line":43,"column":null}},"line":3},"1":{"name":"(anonymous_1)","decl":{"start":{"line":16,"column":8},"end":{"line":16,"column":23}},"loc":{"start":{"line":16,"column":23},"end":{"line":16,"column":null}},"line":16},"2":{"name":"(anonymous_2)","decl":{"start":{"line":16,"column":23},"end":{"line":16,"column":33}},"loc":{"start":{"line":16,"column":39},"end":{"line":16,"column":59}},"line":16},"3":{"name":"(anonymous_3)","decl":{"start":{"line":26,"column":8},"end":{"line":26,"column":19}},"loc":{"start":{"line":26,"column":25},"end":{"line":30,"column":null}},"line":26},"4":{"name":"(anonymous_4)","decl":{"start":{"line":36,"column":8},"end":{"line":36,"column":23}},"loc":{"start":{"line":36,"column":23},"end":{"line":36,"column":null}},"line":36},"5":{"name":"(anonymous_5)","decl":{"start":{"line":36,"column":23},"end":{"line":36,"column":33}},"loc":{"start":{"line":36,"column":39},"end":{"line":36,"column":59}},"line":36}},"branchMap":{"0":{"loc":{"start":{"line":3,"column":27},"end":{"line":3,"column":36}},"type":"default-arg","locations":[{"start":{"line":3,"column":33},"end":{"line":3,"column":36}}],"line":3},"1":{"loc":{"start":{"line":3,"column":36},"end":{"line":3,"column":46}},"type":"default-arg","locations":[{"start":{"line":3,"column":42},"end":{"line":3,"column":46}}],"line":3},"2":{"loc":{"start":{"line":3,"column":46},"end":{"line":3,"column":61}},"type":"default-arg","locations":[{"start":{"line":3,"column":56},"end":{"line":3,"column":61}}],"line":3},"3":{"loc":{"start":{"line":28,"column":10},"end":{"line":28,"column":null}},"type":"if","locations":[{"start":{"line":28,"column":10},"end":{"line":28,"column":null}},{"start":{},"end":{}}],"line":28},"4":{"loc":{"start":{"line":40,"column":7},"end":{"line":40,"column":null}},"type":"binary-expr","locations":[{"start":{"line":40,"column":7},"end":{"line":40,"column":16}},{"start":{"line":40,"column":16},"end":{"line":40,"column":null}}],"line":40}},"s":{"0":11,"1":11,"2":11,"3":11,"4":1,"5":1,"6":3,"7":3,"8":0,"9":3,"10":1,"11":1},"f":{"0":11,"1":1,"2":1,"3":3,"4":1,"5":1},"b":{"0":[11],"1":[11],"2":[11],"3":[0,3],"4":[11,3]},"meta":{"lastBranch":5,"lastFunction":6,"lastStatement":12,"seen":{"f:3:9:3:25":0,"b:3:33:3:36":0,"b:3:42:3:46":1,"b:3:56:3:61":2,"s:4:28:4:Infinity":0,"s:6:16:6:Infinity":1,"s:7:16:7:Infinity":2,"s:9:2:41:Infinity":3,"f:16:8:16:23":1,"s:16:23:16:Infinity":4,"f:16:23:16:33":2,"s:16:39:16:59":5,"f:26:8:26:19":3,"s:27:23:27:Infinity":6,"b:28:10:28:Infinity:undefined:undefined:undefined:undefined":3,"s:28:10:28:Infinity":7,"s:28:34:28:Infinity":8,"s:29:10:29:Infinity":9,"f:36:8:36:23":4,"s:36:23:36:Infinity":10,"f:36:23:36:33":5,"s:36:39:36:59":11,"b:40:7:40:16:40:16:40:Infinity":4},"fnNames":{}}}
,"C:\\Users\\Sabeeh\\Desktop\\Study\\accessibility-and-testing\\src\\UserProfile.jsx": {"path":"C:\\Users\\Sabeeh\\Desktop\\Study\\accessibility-and-testing\\src\\UserProfile.jsx","statementMap":{"0":{"start":{"line":5,"column":30},"end":{"line":5,"column":null}},"1":{"start":{"line":6,"column":26},"end":{"line":6,"column":null}},"2":{"start":{"line":8,"column":2},"end":{"line":16,"column":null}},"3":{"start":{"line":9,"column":4},"end":{"line":9,"column":null}},"4":{"start":{"line":10,"column":4},"end":{"line":15,"column":null}},"5":{"start":{"line":12,"column":8},"end":{"line":12,"column":null}},"6":{"start":{"line":13,"column":8},"end":{"line":13,"column":null}},"7":{"start":{"line":15,"column":19},"end":{"line":15,"column":37}},"8":{"start":{"line":18,"column":2},"end":{"line":18,"column":null}},"9":{"start":{"line":18,"column":28},"end":{"line":18,"column":null}},"10":{"start":{"line":19,"column":2},"end":{"line":19,"column":null}},"11":{"start":{"line":19,"column":26},"end":{"line":19,"column":null}},"12":{"start":{"line":21,"column":2},"end":{"line":21,"column":null}}},"fnMap":{"0":{"name":"UserProfile","decl":{"start":{"line":4,"column":9},"end":{"line":4,"column":21}},"loc":{"start":{"line":4,"column":33},"end":{"line":22,"column":null}},"line":4},"1":{"name":"(anonymous_1)","decl":{"start":{"line":8,"column":2},"end":{"line":8,"column":18}},"loc":{"start":{"line":8,"column":18},"end":{"line":16,"column":5}},"line":8},"2":{"name":"(anonymous_2)","decl":{"start":{"line":11,"column":7},"end":{"line":11,"column":13}},"loc":{"start":{"line":11,"column":22},"end":{"line":14,"column":7}},"line":11},"3":{"name":"(anonymous_3)","decl":{"start":{"line":15,"column":7},"end":{"line":15,"column":19}},"loc":{"start":{"line":15,"column":19},"end":{"line":15,"column":37}},"line":15}},"branchMap":{"0":{"loc":{"start":{"line":18,"column":2},"end":{"line":18,"column":null}},"type":"if","locations":[{"start":{"line":18,"column":2},"end":{"line":18,"column":null}},{"start":{},"end":{}}],"line":18},"1":{"loc":{"start":{"line":19,"column":2},"end":{"line":19,"column":null}},"type":"if","locations":[{"start":{"line":19,"column":2},"end":{"line":19,"column":null}},{"start":{},"end":{}}],"line":19}},"s":{"0":4,"1":4,"2":4,"3":2,"4":2,"5":1,"6":1,"7":1,"8":4,"9":2,"10":2,"11":1,"12":1},"f":{"0":4,"1":2,"2":1,"3":1},"b":{"0":[2,2],"1":[1,1]},"meta":{"lastBranch":2,"lastFunction":4,"lastStatement":13,"seen":{"f:4:9:4:21":0,"s:5:30:5:Infinity":0,"s:6:26:6:Infinity":1,"s:8:2:16:Infinity":2,"f:8:2:8:18":1,"s:9:4:9:Infinity":3,"s:10:4:15:Infinity":4,"f:11:7:11:13":2,"s:12:8:12:Infinity":5,"s:13:8:13:Infinity":6,"f:15:7:15:19":3,"s:15:19:15:37":7,"b:18:2:18:Infinity:undefined:undefined:undefined:undefined":0,"s:18:2:18:Infinity":8,"s:18:28:18:Infinity":9,"b:19:2:19:Infinity:undefined:undefined:undefined:undefined":1,"s:19:2:19:Infinity":10,"s:19:26:19:Infinity":11,"s:21:2:21:Infinity":12},"fnNames":{}}}
,"C:\\Users\\Sabeeh\\Desktop\\Study\\accessibility-and-testing\\src\\api\\userApi.js": {"path":"C:\\Users\\Sabeeh\\Desktop\\Study\\accessibility-and-testing\\src\\api\\userApi.js","statementMap":{"0":{"start":{"line":2,"column":19},"end":{"line":2,"column":null}},"1":{"start":{"line":3,"column":2},"end":{"line":5,"column":null}},"2":{"start":{"line":4,"column":4},"end":{"line":4,"column":null}},"3":{"start":{"line":6,"column":2},"end":{"line":6,"column":null}}},"fnMap":{"0":{"name":"fetchUser","decl":{"start":{"line":1,"column":22},"end":{"line":1,"column":32}},"loc":{"start":{"line":1,"column":36},"end":{"line":7,"column":null}},"line":1}},"branchMap":{"0":{"loc":{"start":{"line":3,"column":2},"end":{"line":5,"column":null}},"type":"if","locations":[{"start":{"line":3,"column":2},"end":{"line":5,"column":null}},{"start":{},"end":{}}],"line":3}},"s":{"0":2,"1":2,"2":1,"3":1},"f":{"0":2},"b":{"0":[1,1]},"meta":{"lastBranch":1,"lastFunction":1,"lastStatement":4,"seen":{"f:1:22:1:32":0,"s:2:19:2:Infinity":0,"b:3:2:5:Infinity:undefined:undefined:undefined:undefined":0,"s:3:2:5:Infinity":1,"s:4:4:4:Infinity":2,"s:6:2:6:Infinity":3},"fnNames":{}}}
,"C:\\Users\\Sabeeh\\Desktop\\Study\\accessibility-and-testing\\src\\utils\\discount.js": {"path":"C:\\Users\\Sabeeh\\Desktop\\Study\\accessibility-and-testing\\src\\utils\\discount.js","statementMap":{"0":{"start":{"line":2,"column":2},"end":{"line":2,"column":null}},"1":{"start":{"line":2,"column":25},"end":{"line":2,"column":null}},"2":{"start":{"line":3,"column":2},"end":{"line":3,"column":null}},"3":{"start":{"line":3,"column":25},"end":{"line":3,"column":null}},"4":{"start":{"line":4,"column":2},"end":{"line":4,"column":null}}},"fnMap":{"0":{"name":"applyDiscount","decl":{"start":{"line":1,"column":16},"end":{"line":1,"column":30}},"loc":{"start":{"line":1,"column":43},"end":{"line":5,"column":null}},"line":1}},"branchMap":{"0":{"loc":{"start":{"line":2,"column":2},"end":{"line":2,"column":null}},"type":"if","locations":[{"start":{"line":2,"column":2},"end":{"line":2,"column":null}},{"start":{},"end":{}}],"line":2},"1":{"loc":{"start":{"line":3,"column":2},"end":{"line":3,"column":null}},"type":"if","locations":[{"start":{"line":3,"column":2},"end":{"line":3,"column":null}},{"start":{},"end":{}}],"line":3}},"s":{"0":3,"1":1,"2":2,"3":1,"4":1},"f":{"0":3},"b":{"0":[1,2],"1":[1,1]},"meta":{"lastBranch":2,"lastFunction":1,"lastStatement":5,"seen":{"f:1:16:1:30":0,"b:2:2:2:Infinity:undefined:undefined:undefined:undefined":0,"s:2:2:2:Infinity":0,"s:2:25:2:Infinity":1,"b:3:2:3:Infinity:undefined:undefined:undefined:undefined":1,"s:3:2:3:Infinity":2,"s:3:25:3:Infinity":3,"s:4:2:4:Infinity":4},"fnNames":{}}}
,"C:\\Users\\Sabeeh\\Desktop\\Study\\accessibility-and-testing\\src\\utils\\formatCurrency.js": {"path":"C:\\Users\\Sabeeh\\Desktop\\Study\\accessibility-and-testing\\src\\utils\\formatCurrency.js","statementMap":{"0":{"start":{"line":6,"column":2},"end":{"line":8,"column":null}},"1":{"start":{"line":7,"column":4},"end":{"line":7,"column":null}},"2":{"start":{"line":10,"column":2},"end":{"line":13,"column":null}}},"fnMap":{"0":{"name":"formatCurrency","decl":{"start":{"line":5,"column":16},"end":{"line":5,"column":31}},"loc":{"start":{"line":5,"column":56},"end":{"line":14,"column":null}},"line":5}},"branchMap":{"0":{"loc":{"start":{"line":5,"column":38},"end":{"line":5,"column":56}},"type":"default-arg","locations":[{"start":{"line":5,"column":49},"end":{"line":5,"column":56}}],"line":5},"1":{"loc":{"start":{"line":6,"column":2},"end":{"line":8,"column":null}},"type":"if","locations":[{"start":{"line":6,"column":2},"end":{"line":8,"column":null}},{"start":{},"end":{}}],"line":6}},"s":{"0":6,"1":1,"2":5},"f":{"0":6},"b":{"0":[6],"1":[1,5]},"meta":{"lastBranch":2,"lastFunction":1,"lastStatement":3,"seen":{"f:5:16:5:31":0,"b:5:49:5:56":0,"b:6:2:8:Infinity:undefined:undefined:undefined:undefined":1,"s:6:2:8:Infinity":0,"s:7:4:7:Infinity":1,"s:10:2:13:Infinity":2},"fnNames":{}}}
}
